Unity Editor version:    2022.3.23f1 (dbb3f7c5b5c6)
Branch:                  2022.3/staging
Build type:              Release
Batch mode:              YES
macOS version:           Version 14.1 (Build 23B74)
Darwin version:          23.1.0
Architecture:            x86_64
Running under Rosetta:   NO
Available memory:        16384 MB
Using pre-set license
Pro License: YES

COMMAND LINE ARGUMENTS:
/Applications/Unity/Hub/Editor/2022.3.23f1/Unity.app/Contents/MacOS/Unity
-adb2
-batchMode
-noUpm
-name
AssetImportWorker0
-projectPath
/Users/franciscomagot/Library/CloudStorage/GoogleDrive-francisco.magot@utec.edu.pe/My Drive/2024-1/IHC/Unity/green-contour
-logFile
Logs/AssetImportWorker0.log
-srvPort
55298
Successfully changed project path to: /Users/franciscomagot/Library/CloudStorage/GoogleDrive-francisco.magot@utec.edu.pe/My Drive/2024-1/IHC/Unity/green-contour
/Users/franciscomagot/Library/CloudStorage/GoogleDrive-francisco.magot@utec.edu.pe/My Drive/2024-1/IHC/Unity/green-contour
[UnityMemory] Configuration Parameters - Can be set up in boot.config
    "memorysetup-bucket-allocator-granularity=16"
    "memorysetup-bucket-allocator-bucket-count=8"
    "memorysetup-bucket-allocator-block-size=33554432"
    "memorysetup-bucket-allocator-block-count=8"
    "memorysetup-main-allocator-block-size=16777216"
    "memorysetup-thread-allocator-block-size=16777216"
    "memorysetup-gfx-main-allocator-block-size=16777216"
    "memorysetup-gfx-thread-allocator-block-size=16777216"
    "memorysetup-cache-allocator-block-size=4194304"
    "memorysetup-typetree-allocator-block-size=2097152"
    "memorysetup-profiler-bucket-allocator-granularity=16"
    "memorysetup-profiler-bucket-allocator-bucket-count=8"
    "memorysetup-profiler-bucket-allocator-block-size=33554432"
    "memorysetup-profiler-bucket-allocator-block-count=8"
    "memorysetup-profiler-allocator-block-size=16777216"
    "memorysetup-profiler-editor-allocator-block-size=1048576"
    "memorysetup-temp-allocator-size-main=16777216"
    "memorysetup-job-temp-allocator-block-size=2097152"
    "memorysetup-job-temp-allocator-block-size-background=1048576"
    "memorysetup-job-temp-allocator-reduction-small-platforms=262144"
    "memorysetup-allocator-temp-initial-block-size-main=262144"
    "memorysetup-allocator-temp-initial-block-size-worker=262144"
    "memorysetup-temp-allocator-size-background-worker=32768"
    "memorysetup-temp-allocator-size-job-worker=262144"
    "memorysetup-temp-allocator-size-preload-manager=33554432"
    "memorysetup-temp-allocator-size-nav-mesh-worker=65536"
    "memorysetup-temp-allocator-size-audio-worker=65536"
    "memorysetup-temp-allocator-size-cloud-worker=32768"
    "memorysetup-temp-allocator-size-gi-baking-worker=262144"
    "memorysetup-temp-allocator-size-gfx=262144"
Player connection [140704616778560] Host "[IP] 10.100.127.59 [Port] 0 [Flags] 2 [Guid] 1425839910 [EditorId] 1425839910 [Version] 1048832 [Id] OSXEditor(0,Franciscos-MacBook-Pro.local) [Debug] 1 [PackageName] OSXEditor [ProjectName] Editor" joined multi-casting on [225.0.0.222:54997]...

Player connection [140704616778560] Host "[IP] 10.100.127.59 [Port] 0 [Flags] 2 [Guid] 1425839910 [EditorId] 1425839910 [Version] 1048832 [Id] OSXEditor(0,Franciscos-MacBook-Pro.local) [Debug] 1 [PackageName] OSXEditor [ProjectName] Editor" joined alternative multi-casting on [225.0.0.222:34997]...

[Physics::Module] Initialized MultithreadedJobDispatcher with 15 workers.
Refreshing native plugins compatible for Editor in 41.56 ms, found 6 plugins.
Preloading 1 native plugins for Editor in 2.36 ms.
Initialize engine version: 2022.3.23f1 (dbb3f7c5b5c6)
[Subsystems] Discovering subsystems at path /Applications/Unity/Hub/Editor/2022.3.23f1/Unity.app/Contents/Resources/UnitySubsystems
[Subsystems] Discovering subsystems at path /Users/franciscomagot/Library/CloudStorage/GoogleDrive-francisco.magot@utec.edu.pe/My Drive/2024-1/IHC/Unity/green-contour/Assets
GfxDevice: creating device client; threaded=0; jobified=0
Color LCD preferred device: AMD Radeon Pro 5500M (high power)
Metal devices available: 2
0: AMD Radeon Pro 5500M (high power)
1: Intel(R) UHD Graphics 630 (low power)
Using device AMD Radeon Pro 5500M (high power)
Initializing Metal device caps: AMD Radeon Pro 5500M
Shader 'Meta/MRUK/Scene/HighlightsAndShadows': fallback shader 'Off' not found
Shader 'Oculus/OVRMRCameraFrameLit': fallback shader 'Alpha-Diffuse' not found
Initialize mono
Mono path[0] = '/Applications/Unity/Hub/Editor/2022.3.23f1/Unity.app/Contents/Managed'
Mono path[1] = '/Applications/Unity/Hub/Editor/2022.3.23f1/Unity.app/Contents/MonoBleedingEdge/lib/mono/unityjit-macos'
Mono config path = '/Applications/Unity/Hub/Editor/2022.3.23f1/Unity.app/Contents/MonoBleedingEdge/etc'
Using monoOptions --debugger-agent=transport=dt_socket,embedding=1,server=y,suspend=n,address=127.0.0.1:56674
Begin MonoManager ReloadAssembly
Registering precompiled unity dll's ...
Register platform support module: /Applications/Unity/Hub/Editor/2022.3.23f1/PlaybackEngines/WebGLSupport/UnityEditor.WebGL.Extensions.dll
Register platform support module: /Applications/Unity/Hub/Editor/2022.3.23f1/Unity.app/Contents/PlaybackEngines/MacStandaloneSupport/UnityEditor.OSXStandalone.Extensions.dll
Register platform support module: /Applications/Unity/Hub/Editor/2022.3.23f1/PlaybackEngines/AndroidPlayer/UnityEditor.Android.Extensions.dll
Register platform support module: /Applications/Unity/Hub/Editor/2022.3.23f1/PlaybackEngines/iOSSupport/UnityEditor.iOS.Extensions.dll
Registered in 0.010592 seconds.
- Loaded All Assemblies, in  0.557 seconds
[usbmuxd] Start listen thread
[usbmuxd] Listen thread started
[usbmuxd] Send listen message
Native extension for iOS target not found
Native extension for Android target not found
Android Extension - Scanning For ADB Devices 138 ms
Native extension for OSXStandalone target not found
Native extension for WebGL target not found
Mono: successfully reloaded assembly
- Finished resetting the current domain, in  0.758 seconds
Domain Reload Profiling: 1316ms
	BeginReloadAssembly (172ms)
		ExecutionOrderSort (0ms)
		DisableScriptedObjects (0ms)
		BackupInstance (0ms)
		ReleaseScriptingObjects (0ms)
		CreateAndSetChildDomain (1ms)
	RebuildCommonClasses (54ms)
	RebuildNativeTypeToScriptingClass (16ms)
	initialDomainReloadingComplete (84ms)
	LoadAllAssembliesAndSetupDomain (231ms)
		LoadAssemblies (175ms)
		RebuildTransferFunctionScriptingTraits (0ms)
		AnalyzeDomain (225ms)
			TypeCache.Refresh (222ms)
				TypeCache.ScanAssembly (205ms)
			ScanForSourceGeneratedMonoScriptInfo (1ms)
			ResolveRequiredComponents (1ms)
	FinalizeReload (759ms)
		ReleaseScriptCaches (0ms)
		RebuildScriptCaches (0ms)
		SetupLoadedEditorAssemblies (680ms)
			LogAssemblyErrors (0ms)
			InitializePlatformSupportModulesInManaged (465ms)
			SetLoadedEditorAssemblies (5ms)
			RefreshPlugins (0ms)
			BeforeProcessingInitializeOnLoad (3ms)
			ProcessInitializeOnLoadAttributes (152ms)
			ProcessInitializeOnLoadMethodAttributes (54ms)
			AfterProcessingInitializeOnLoad (0ms)
			EditorAssembliesLoaded (0ms)
		ExecutionOrderSort2 (0ms)
		AwakeInstancesAfterBackupRestoration (0ms)
========================================================================
Worker process is ready to serve import requests
Begin MonoManager ReloadAssembly
Symbol file LoadedFromMemory is not a mono symbol file
- Loaded All Assemblies, in  1.102 seconds
Refreshing native plugins compatible for Editor in 4.32 ms, found 6 plugins.
Native extension for iOS target not found
Native extension for Android target not found
Native extension for OSXStandalone target not found
Native extension for WebGL target not found
Package Manager log level set to [2]
[Package Manager] Server::EnsureServerProcessIsRunning -- launch failed, reason: Unity was launched with the -noUpm command-line argument
[Package Manager] UpmClient::Send -- Unable to send message (not connected to UPM process).
[Package Manager] Cannot connect to Unity Package Manager local server
[Package Manager] Server::EnsureServerProcessIsRunning -- launch failed, reason: Unity was launched with the -noUpm command-line argument
[Package Manager] UpmClient::Send -- Unable to send message (not connected to UPM process).
[Package Manager] Cannot connect to Unity Package Manager local server
Mono: successfully reloaded assembly
- Finished resetting the current domain, in  1.017 seconds
Domain Reload Profiling: 2115ms
	BeginReloadAssembly (179ms)
		ExecutionOrderSort (0ms)
		DisableScriptedObjects (7ms)
		BackupInstance (0ms)
		ReleaseScriptingObjects (0ms)
		CreateAndSetChildDomain (40ms)
	RebuildCommonClasses (49ms)
	RebuildNativeTypeToScriptingClass (14ms)
	initialDomainReloadingComplete (52ms)
	LoadAllAssembliesAndSetupDomain (802ms)
		LoadAssemblies (536ms)
		RebuildTransferFunctionScriptingTraits (0ms)
		AnalyzeDomain (354ms)
			TypeCache.Refresh (294ms)
				TypeCache.ScanAssembly (267ms)
			ScanForSourceGeneratedMonoScriptInfo (39ms)
			ResolveRequiredComponents (17ms)
	FinalizeReload (1018ms)
		ReleaseScriptCaches (0ms)
		RebuildScriptCaches (0ms)
		SetupLoadedEditorAssemblies (703ms)
			LogAssemblyErrors (0ms)
			InitializePlatformSupportModulesInManaged (49ms)
			SetLoadedEditorAssemblies (8ms)
			RefreshPlugins (0ms)
			BeforeProcessingInitializeOnLoad (94ms)
			ProcessInitializeOnLoadAttributes (525ms)
			ProcessInitializeOnLoadMethodAttributes (25ms)
			AfterProcessingInitializeOnLoad (1ms)
			EditorAssembliesLoaded (0ms)
		ExecutionOrderSort2 (0ms)
		AwakeInstancesAfterBackupRestoration (4ms)
Shader 'Oculus/OVRMRCameraFrameLit': fallback shader 'Alpha-Diffuse' not found
Shader 'Meta/MRUK/Scene/HighlightsAndShadows': fallback shader 'Off' not found
Launching external process: /Applications/Unity/Hub/Editor/2022.3.23f1/Unity.app/Contents/Tools/UnityShaderCompiler
Launched and connected shader compiler UnityShaderCompiler after 0.08 seconds
Refreshing native plugins compatible for Editor in 5.64 ms, found 6 plugins.
Preloading 1 native plugins for Editor in 0.85 ms.
Unloading 5183 Unused Serialized files (Serialized files now loaded: 0)
Unloading 94 unused Assets / (1.3 MB). Loaded Objects now: 5646.
Memory consumption went from 220.8 MB to 219.4 MB.
Total: 7.803551 ms (FindLiveObjects: 0.505744 ms CreateObjectMapping: 0.433330 ms MarkObjects: 6.364175 ms  DeleteObjects: 0.499379 ms)

AssetImportParameters requested are different than current active one (requested -> active):
  custom:container-demuxer-ogg: 62fdf1f143b41e24485cea50d1cbac27 -> 
  custom:video-decoder-ogg-theora: a1e56fd34408186e4bbccfd4996cb3dc -> 
  custom:CustomObjectIndexerAttribute: 9a22284fe3817be447336de3de66b15e -> 
  custom:container-demuxer-webm: 4f35f7cbe854078d1ac9338744f61a02 -> 
  custom:container-muxer-webm: aa71ff27fc2769a1b78a27578f13a17b -> 
  custom:video-decoder-webm-vp8: 9c59270c3fd7afecdb556c50c9e8de78 -> 
  custom:SearchIndexIgnoredProperties: e643bd26f0fe6173181afceb89e7c659 -> 
  custom:AudioImporter_EditorPlatform: 3918e3fc78b5a79bad01e8451be0beb8 -> 
  custom:framework-osx-AVFoundation: e770b220cccbd017edd2c1fefb359320 -> 
  custom:video-encoder-webm-vp8: eb34c28f22e8b96e1ab97ce403110664 -> 
  custom:audio-decoder-ogg-vorbis: bf7c407c2cedff20999df2af8eb42d56 -> 
  custom:audio-encoder-webm-vorbis: bf7c407c2cedff20999df2af8eb42d56 -> 
========================================================================
Received Import Request.
  Time since last request: 22079.910168 seconds.
  path: Packages/com.meta.xr.sdk.core/Prefabs/OVRCameraRig.prefab
  artifactKey: Guid(126d619cf4daa52469682f85c1378b4a) Importer(815301076,1909f56bfc062723c751e8b465ee728b)
Start importing Packages/com.meta.xr.sdk.core/Prefabs/OVRCameraRig.prefab using Guid(126d619cf4daa52469682f85c1378b4a) Importer(815301076,1909f56bfc062723c751e8b465ee728b)  -> (artifact id: 'f72e646fbc72f1eca88b4c3f41233671') in 0.048908 seconds
Number of updated asset objects reloaded before import = 0
Number of asset objects unloaded after import = 29
========================================================================
Received Import Request.
  Time since last request: 0.000067 seconds.
  path: Packages/com.meta.xr.sdk.core/Editor/BuildingBlocks/BlockData/CameraRig/Prefabs/OVRCameraRigBuildingBlock.prefab
  artifactKey: Guid(4b650a383c3760f449b65ff48bccdd5f) Importer(815301076,1909f56bfc062723c751e8b465ee728b)
Start importing Packages/com.meta.xr.sdk.core/Editor/BuildingBlocks/BlockData/CameraRig/Prefabs/OVRCameraRigBuildingBlock.prefab using Guid(4b650a383c3760f449b65ff48bccdd5f) Importer(815301076,1909f56bfc062723c751e8b465ee728b)  -> (artifact id: 'a8a0edf6bb888a9720144232b49cf50a') in 0.002339 seconds
Number of updated asset objects reloaded before import = 0
Number of asset objects unloaded after import = 29
========================================================================
Received Import Request.
  Time since last request: 111.736207 seconds.
  path: Assets/BackdropTerrain.asset
  artifactKey: Guid(5c547595a6eb54903be04211ed9c0dec) Importer(2089858483,0ecaa5967403d082aa24f35e1b516d23)
Start importing Assets/BackdropTerrain.asset using Guid(5c547595a6eb54903be04211ed9c0dec) Importer(2089858483,0ecaa5967403d082aa24f35e1b516d23)  -> (artifact id: '133b5f3de8e202d8f174cd62cd0b2906') in 0.120686 seconds
Number of updated asset objects reloaded before import = 0
Number of asset objects unloaded after import = 2
========================================================================
Received Import Request.
  Time since last request: 0.002119 seconds.
  path: Assets/Textures/fairway.jpeg
  artifactKey: Guid(9ef07bccd8d464cf0ab8e78212134fed) Importer(2089858483,0ecaa5967403d082aa24f35e1b516d23)
Start importing Assets/Textures/fairway.jpeg using Guid(9ef07bccd8d464cf0ab8e78212134fed) Importer(2089858483,0ecaa5967403d082aa24f35e1b516d23) WARNING: RGBA Compressed ASTC6X6 sRGB format is not supported, decompressing texture
 -> (artifact id: 'c1bdeb443db23290374a352dfbc7de37') in 0.063205 seconds
Number of updated asset objects reloaded before import = 0
Number of asset objects unloaded after import = 1
========================================================================
Received Import Request.
  Time since last request: 0.000058 seconds.
  path: Assets/Textures/green.terrainlayer
  artifactKey: Guid(7f67225728602466095cb991ce4e02c2) Importer(2089858483,0ecaa5967403d082aa24f35e1b516d23)
Start importing Assets/Textures/green.terrainlayer using Guid(7f67225728602466095cb991ce4e02c2) Importer(2089858483,0ecaa5967403d082aa24f35e1b516d23) WARNING: RGBA Compressed ASTC6X6 sRGB format is not supported, decompressing texture
 -> (artifact id: '6b0ca455297e0a8d25d682cd261587bf') in 0.029073 seconds
Number of updated asset objects reloaded before import = 0
Number of asset objects unloaded after import = 2
========================================================================
Received Import Request.
  Time since last request: 0.000109 seconds.
  path: Assets/Tree9/Tree9_1_Textures/diffuse.png
  artifactKey: Guid(f984fae445e929149af21237b556579a) Importer(2089858483,0ecaa5967403d082aa24f35e1b516d23)
Start importing Assets/Tree9/Tree9_1_Textures/diffuse.png using Guid(f984fae445e929149af21237b556579a) Importer(2089858483,0ecaa5967403d082aa24f35e1b516d23) WARNING: RGBA Compressed ASTC6X6 sRGB format is not supported, decompressing texture
 -> (artifact id: 'cbcbcd8949b73bb272a84f31af47fdda') in 0.032153 seconds
Number of updated asset objects reloaded before import = 0
Number of asset objects unloaded after import = 1
========================================================================
Received Import Request.
  Time since last request: 0.000066 seconds.
  path: Assets/Textures/greentexture.png
  artifactKey: Guid(c75e8fee10f3f4de899d463036968125) Importer(2089858483,0ecaa5967403d082aa24f35e1b516d23)
Start importing Assets/Textures/greentexture.png using Guid(c75e8fee10f3f4de899d463036968125) Importer(2089858483,0ecaa5967403d082aa24f35e1b516d23) WARNING: RGBA Compressed ASTC6X6 sRGB format is not supported, decompressing texture
 -> (artifact id: 'dc463392bc90102b28d8525a2dd09ec2') in 0.020186 seconds
Number of updated asset objects reloaded before import = 0
Number of asset objects unloaded after import = 1
========================================================================
Received Import Request.
  Time since last request: 0.000097 seconds.
  path: Assets/flag/Materials/flag 1.mat
  artifactKey: Guid(4306197a8f62d2f4c8e44c8314fd5201) Importer(2089858483,0ecaa5967403d082aa24f35e1b516d23)
Start importing Assets/flag/Materials/flag 1.mat using Guid(4306197a8f62d2f4c8e44c8314fd5201) Importer(2089858483,0ecaa5967403d082aa24f35e1b516d23) WARNING: RGBA Compressed ASTC6X6 sRGB format is not supported, decompressing texture
 -> (artifact id: 'cc97d5639adb56b4b028d31700c7964b') in 0.015207 seconds
Number of updated asset objects reloaded before import = 0
Number of asset objects unloaded after import = 2
========================================================================
Received Import Request.
  Time since last request: 0.000065 seconds.
  path: Assets/Textures/greenTexture.terrainlayer
  artifactKey: Guid(fc621f9c503894d8c9818d06818a7b17) Importer(2089858483,0ecaa5967403d082aa24f35e1b516d23)
Start importing Assets/Textures/greenTexture.terrainlayer using Guid(fc621f9c503894d8c9818d06818a7b17) Importer(2089858483,0ecaa5967403d082aa24f35e1b516d23) WARNING: RGBA Compressed ASTC6X6 sRGB format is not supported, decompressing texture
 -> (artifact id: 'ea3fb464754cb8a7989a78fdde26d379') in 0.010823 seconds
Number of updated asset objects reloaded before import = 0
Number of asset objects unloaded after import = 2
========================================================================
Received Import Request.
  Time since last request: 0.000059 seconds.
  path: Assets/Textures/gollightgreen.jpeg
  artifactKey: Guid(8509757649a924c81ba54c63b0d3d00a) Importer(2089858483,0ecaa5967403d082aa24f35e1b516d23)
Start importing Assets/Textures/gollightgreen.jpeg using Guid(8509757649a924c81ba54c63b0d3d00a) Importer(2089858483,0ecaa5967403d082aa24f35e1b516d23) WARNING: RGBA Compressed ASTC6X6 sRGB format is not supported, decompressing texture
 -> (artifact id: '4e11a87abe977a2c22536bd8a91bf1b0') in 0.018623 seconds
Number of updated asset objects reloaded before import = 0
Number of asset objects unloaded after import = 1
========================================================================
Received Import Request.
  Time since last request: 0.000080 seconds.
  path: Assets/Materials/Hole.mat
  artifactKey: Guid(2b3b543be78e54cbc962c292686ff656) Importer(2089858483,0ecaa5967403d082aa24f35e1b516d23)
Start importing Assets/Materials/Hole.mat using Guid(2b3b543be78e54cbc962c292686ff656) Importer(2089858483,0ecaa5967403d082aa24f35e1b516d23)  -> (artifact id: 'b37c2dae26df65581466ef2c216ec19e') in 0.015830 seconds
Number of updated asset objects reloaded before import = 0
Number of asset objects unloaded after import = 1
========================================================================
Received Import Request.
  Time since last request: 0.000066 seconds.
  path: Assets/laxer tree pkg/Textures/ast3.png
  artifactKey: Guid(d27897795cf19c047a586837b4201ce5) Importer(2089858483,0ecaa5967403d082aa24f35e1b516d23)
Start importing Assets/laxer tree pkg/Textures/ast3.png using Guid(d27897795cf19c047a586837b4201ce5) Importer(2089858483,0ecaa5967403d082aa24f35e1b516d23) WARNING: RGBA Compressed ASTC6X6 sRGB format is not supported, decompressing texture
 -> (artifact id: 'ceefb684b4fe3cc24c30bce820e6007f') in 0.016376 seconds
Number of updated asset objects reloaded before import = 0
Number of asset objects unloaded after import = 1
========================================================================
Received Import Request.
  Time since last request: 0.000062 seconds.
  path: Assets/Tree9/Tree9_1_Textures/translucency_gloss.png
  artifactKey: Guid(f61dbef0d12d35f4b9fbf8cfded48f9a) Importer(2089858483,0ecaa5967403d082aa24f35e1b516d23)
Start importing Assets/Tree9/Tree9_1_Textures/translucency_gloss.png using Guid(f61dbef0d12d35f4b9fbf8cfded48f9a) Importer(2089858483,0ecaa5967403d082aa24f35e1b516d23) WARNING: RGBA Compressed ASTC6X6 UNorm format is not supported, decompressing texture
 -> (artifact id: '437f77d57c4c6a088bfb6ef9e7dfade8') in 0.022588 seconds
Number of updated asset objects reloaded before import = 0
Number of asset objects unloaded after import = 1
========================================================================
Received Import Request.
  Time since last request: 0.000076 seconds.
  path: Assets/bricks.png
  artifactKey: Guid(ed0b20ecfe23649fe8f4355beb482bfd) Importer(2089858483,0ecaa5967403d082aa24f35e1b516d23)
Start importing Assets/bricks.png using Guid(ed0b20ecfe23649fe8f4355beb482bfd) Importer(2089858483,0ecaa5967403d082aa24f35e1b516d23) WARNING: RGBA Compressed ASTC6X6 sRGB format is not supported, decompressing texture
 -> (artifact id: 'ace5768f2ba249ba3b350a06efbb1043') in 0.023631 seconds
Number of updated asset objects reloaded before import = 0
Number of asset objects unloaded after import = 1
========================================================================
Received Import Request.
  Time since last request: 0.000076 seconds.
  path: Assets/Textures/blue.terrainlayer
  artifactKey: Guid(966dcdd13419e48cc936d8bfb1a6d58f) Importer(2089858483,0ecaa5967403d082aa24f35e1b516d23)
Start importing Assets/Textures/blue.terrainlayer using Guid(966dcdd13419e48cc936d8bfb1a6d58f) Importer(2089858483,0ecaa5967403d082aa24f35e1b516d23) WARNING: RGBA Compressed ASTC6X6 sRGB format is not supported, decompressing texture
 -> (artifact id: '840d387dacd6ea243c3fa2b8115af012') in 0.006374 seconds
Number of updated asset objects reloaded before import = 0
Number of asset objects unloaded after import = 2
========================================================================
Received Import Request.
  Time since last request: 0.000067 seconds.
  path: Assets/Textures/golfai.webp
  artifactKey: Guid(0d452c11e75614910a62ebfe51aec116) Importer(2089858483,0ecaa5967403d082aa24f35e1b516d23)
Start importing Assets/Textures/golfai.webp using Guid(0d452c11e75614910a62ebfe51aec116) Importer(2089858483,0ecaa5967403d082aa24f35e1b516d23)  -> (artifact id: 'bcf1c3a5c01aac6917e882814f063baa') in 0.003412 seconds
Number of updated asset objects reloaded before import = 0
Number of asset objects unloaded after import = 1
========================================================================
Received Import Request.
  Time since last request: 0.000069 seconds.
  path: Assets/laxer tree pkg/Mobile/baum ld1 mobile.prefab
  artifactKey: Guid(23062208c1e1ace4d9e5270be8b68dcb) Importer(2089858483,0ecaa5967403d082aa24f35e1b516d23)
Start importing Assets/laxer tree pkg/Mobile/baum ld1 mobile.prefab using Guid(23062208c1e1ace4d9e5270be8b68dcb) Importer(2089858483,0ecaa5967403d082aa24f35e1b516d23)  -> (artifact id: '590298b656dca1965e84a51793813f40') in 0.050542 seconds
Number of updated asset objects reloaded before import = 0
Number of asset objects unloaded after import = 7
========================================================================
Received Import Request.
  Time since last request: 0.000086 seconds.
  path: Assets/laxer tree pkg/Ambient-Occlusion/baum ld0.prefab
  artifactKey: Guid(232d918e673de694d8a118b6efe0bf6f) Importer(2089858483,0ecaa5967403d082aa24f35e1b516d23)
Start importing Assets/laxer tree pkg/Ambient-Occlusion/baum ld0.prefab using Guid(232d918e673de694d8a118b6efe0bf6f) Importer(2089858483,0ecaa5967403d082aa24f35e1b516d23)  -> (artifact id: 'e23d56ead5d79b820925e7630f4a6a02') in 0.023463 seconds
Number of updated asset objects reloaded before import = 0
Number of asset objects unloaded after import = 8
========================================================================
Received Import Request.
  Time since last request: 0.000090 seconds.
  path: Assets/Used Golf Club/Assets/Meshes/Golf Club Model.fbx
  artifactKey: Guid(084386d40f56c584b95d127f1681783c) Importer(2089858483,0ecaa5967403d082aa24f35e1b516d23)
Start importing Assets/Used Golf Club/Assets/Meshes/Golf Club Model.fbx using Guid(084386d40f56c584b95d127f1681783c) Importer(2089858483,0ecaa5967403d082aa24f35e1b516d23)  -> (artifact id: 'd4c4485b70e0387c0f198d4827744695') in 0.068957 seconds
Number of updated asset objects reloaded before import = 0
Number of asset objects unloaded after import = 8
========================================================================
Received Import Request.
  Time since last request: 0.000082 seconds.
  path: Assets/Used Golf Club/Assets/Textures/Golf Club Normal.png
  artifactKey: Guid(42c6cec95f2630347b7cfcf8e7caf10f) Importer(2089858483,0ecaa5967403d082aa24f35e1b516d23)
Start importing Assets/Used Golf Club/Assets/Textures/Golf Club Normal.png using Guid(42c6cec95f2630347b7cfcf8e7caf10f) Importer(2089858483,0ecaa5967403d082aa24f35e1b516d23) WARNING: RGBA Compressed ASTC6X6 UNorm format is not supported, decompressing texture
 -> (artifact id: '8726e70a3be34b56a38bf224fba59e9c') in 0.061588 seconds
Number of updated asset objects reloaded before import = 0
Number of asset objects unloaded after import = 1
========================================================================
Received Import Request.
  Time since last request: 0.000080 seconds.
  path: Assets/TextureMap.png
  artifactKey: Guid(17e6d250cdbe6487c8653b2405892aa9) Importer(2089858483,0ecaa5967403d082aa24f35e1b516d23)
Start importing Assets/TextureMap.png using Guid(17e6d250cdbe6487c8653b2405892aa9) Importer(2089858483,0ecaa5967403d082aa24f35e1b516d23) WARNING: RGBA Compressed ASTC6X6 sRGB format is not supported, decompressing texture
 -> (artifact id: 'a932c50d83af5971fa01f10188633aea') in 0.027667 seconds
Number of updated asset objects reloaded before import = 0
Number of asset objects unloaded after import = 1
========================================================================
Received Import Request.
  Time since last request: 0.000054 seconds.
  path: Assets/laxer tree pkg/Textures/bark wh.png
  artifactKey: Guid(745e2f075c26fd84b9471b243d577562) Importer(2089858483,0ecaa5967403d082aa24f35e1b516d23)
Start importing Assets/laxer tree pkg/Textures/bark wh.png using Guid(745e2f075c26fd84b9471b243d577562) Importer(2089858483,0ecaa5967403d082aa24f35e1b516d23) WARNING: RGBA Compressed ASTC6X6 sRGB format is not supported, decompressing texture
 -> (artifact id: '9ea177a3cbf6f52020ac7fd3d4b3d901') in 0.023552 seconds
Number of updated asset objects reloaded before import = 0
Number of asset objects unloaded after import = 1
========================================================================
Received Import Request.
  Time since last request: 0.010446 seconds.
  path: Assets/laxer tree pkg/Models/Materials/ast4 lw.mat
  artifactKey: Guid(76a056ccc1b93e849bc3661d612a95ea) Importer(2089858483,0ecaa5967403d082aa24f35e1b516d23)
Start importing Assets/laxer tree pkg/Models/Materials/ast4 lw.mat using Guid(76a056ccc1b93e849bc3661d612a95ea) Importer(2089858483,0ecaa5967403d082aa24f35e1b516d23) WARNING: RGBA Compressed ASTC6X6 sRGB format is not supported, decompressing texture
 -> (artifact id: '27f78f3a2d77efd1667056e9672cece5') in 0.010878 seconds
Number of updated asset objects reloaded before import = 0
Number of asset objects unloaded after import = 2
========================================================================
Received Import Request.
  Time since last request: 0.004655 seconds.
  path: Assets/Used Golf Club/Prefabs/Golf Club Prefab.prefab
  artifactKey: Guid(1cacd37db68b03b4db52e458d462de33) Importer(2089858483,0ecaa5967403d082aa24f35e1b516d23)
Start importing Assets/Used Golf Club/Prefabs/Golf Club Prefab.prefab using Guid(1cacd37db68b03b4db52e458d462de33) Importer(2089858483,0ecaa5967403d082aa24f35e1b516d23)  -> (artifact id: 'd8e59aa6a2b1b4bf90e854da0f87a07e') in 0.012150 seconds
Number of updated asset objects reloaded before import = 0
Number of asset objects unloaded after import = 9
========================================================================
Received Import Request.
  Time since last request: 0.000111 seconds.
  path: Assets/Scripts/GolfBallController.cs
  artifactKey: Guid(4ffd53ada2d4e4ddd9b4ab1f00093595) Importer(2089858483,0ecaa5967403d082aa24f35e1b516d23)
Start importing Assets/Scripts/GolfBallController.cs using Guid(4ffd53ada2d4e4ddd9b4ab1f00093595) Importer(2089858483,0ecaa5967403d082aa24f35e1b516d23)  -> (artifact id: 'd77dce4891dfe3a0d596c150bd994a9d') in 0.005360 seconds
Number of updated asset objects reloaded before import = 0
Number of asset objects unloaded after import = 1
========================================================================
Received Import Request.
  Time since last request: 0.000077 seconds.
  path: Assets/Tree9/Tree9_leafs.mat
  artifactKey: Guid(da780beb78a91484aa965294e12f428e) Importer(2089858483,0ecaa5967403d082aa24f35e1b516d23)
Start importing Assets/Tree9/Tree9_leafs.mat using Guid(da780beb78a91484aa965294e12f428e) Importer(2089858483,0ecaa5967403d082aa24f35e1b516d23) WARNING: RGBA Compressed ASTC6X6 sRGB format is not supported, decompressing texture
WARNING: RGBA Compressed ASTC6X6 UNorm format is not supported, decompressing texture
 -> (artifact id: '37e240602d702f27c414bf502ed53e32') in 0.033874 seconds
Number of updated asset objects reloaded before import = 0
Number of asset objects unloaded after import = 3
========================================================================
Received Import Request.
  Time since last request: 0.000112 seconds.
  path: Assets/Textures/outerGrass.terrainlayer
  artifactKey: Guid(bc76f82c515a549109a26cb66e0c6fbf) Importer(2089858483,0ecaa5967403d082aa24f35e1b516d23)
Start importing Assets/Textures/outerGrass.terrainlayer using Guid(bc76f82c515a549109a26cb66e0c6fbf) Importer(2089858483,0ecaa5967403d082aa24f35e1b516d23) WARNING: RGBA Compressed ASTC6X6 sRGB format is not supported, decompressing texture
 -> (artifact id: 'a67fe322ff8bf9fda2d6f08591951941') in 0.068312 seconds
Number of updated asset objects reloaded before import = 0
Number of asset objects unloaded after import = 2
========================================================================
Received Import Request.
  Time since last request: 0.000081 seconds.
  path: Assets/Textures/high_res_golfai_texture.png
  artifactKey: Guid(eb887947d0b48450f963196bb7a3e885) Importer(2089858483,0ecaa5967403d082aa24f35e1b516d23)
Start importing Assets/Textures/high_res_golfai_texture.png using Guid(eb887947d0b48450f963196bb7a3e885) Importer(2089858483,0ecaa5967403d082aa24f35e1b516d23) WARNING: RGBA Compressed ASTC6X6 sRGB format is not supported, decompressing texture
 -> (artifact id: 'e52b4f6d67fc536b35364ff0eddd8d12') in 0.079442 seconds
Number of updated asset objects reloaded before import = 0
Number of asset objects unloaded after import = 1
========================================================================
Received Import Request.
  Time since last request: 0.000125 seconds.
  path: Assets/Tree9/tree9.unity
  artifactKey: Guid(41ed07a01030f594b8b9ea974b35ebec) Importer(2089858483,0ecaa5967403d082aa24f35e1b516d23)
Start importing Assets/Tree9/tree9.unity using Guid(41ed07a01030f594b8b9ea974b35ebec) Importer(2089858483,0ecaa5967403d082aa24f35e1b516d23)  -> (artifact id: '945999981fc990c902c0440c92c54ea5') in 0.003433 seconds
Number of updated asset objects reloaded before import = 0
Number of asset objects unloaded after import = 1
========================================================================
Received Import Request.
  Time since last request: 0.001487 seconds.
  path: Assets/laxer tree pkg/Ambient-Occlusion/baum ld1.prefab
  artifactKey: Guid(6b4b29e49f76c9f46b7f3594d299d8d9) Importer(2089858483,0ecaa5967403d082aa24f35e1b516d23)
Start importing Assets/laxer tree pkg/Ambient-Occlusion/baum ld1.prefab using Guid(6b4b29e49f76c9f46b7f3594d299d8d9) Importer(2089858483,0ecaa5967403d082aa24f35e1b516d23)  -> (artifact id: 'fae873948210deaa061c217914a31e98') in 0.007509 seconds
Number of updated asset objects reloaded before import = 0
Number of asset objects unloaded after import = 8
========================================================================
Received Import Request.
  Time since last request: 0.000073 seconds.
  path: Assets/laxer tree pkg/Models/Materials/ast3 lw.mat
  artifactKey: Guid(a05189f4f1fcfd64dad1a2d9c28d6aa5) Importer(2089858483,0ecaa5967403d082aa24f35e1b516d23)
Start importing Assets/laxer tree pkg/Models/Materials/ast3 lw.mat using Guid(a05189f4f1fcfd64dad1a2d9c28d6aa5) Importer(2089858483,0ecaa5967403d082aa24f35e1b516d23) WARNING: RGBA Compressed ASTC6X6 sRGB format is not supported, decompressing texture
 -> (artifact id: '76c62a724dd1a4a9c0ceacce0c880e89') in 0.008897 seconds
Number of updated asset objects reloaded before import = 0
Number of asset objects unloaded after import = 2
========================================================================
Received Import Request.
  Time since last request: 0.000065 seconds.
  path: Assets/Resources/MetaXRAudioSettings.asset
  artifactKey: Guid(980d2bec7201e436f8660a2c02bfae7f) Importer(2089858483,0ecaa5967403d082aa24f35e1b516d23)
Start importing Assets/Resources/MetaXRAudioSettings.asset using Guid(980d2bec7201e436f8660a2c02bfae7f) Importer(2089858483,0ecaa5967403d082aa24f35e1b516d23)  -> (artifact id: 'fb6e998c5f2ff5caa078da48b2e0e174') in 0.022244 seconds
Number of updated asset objects reloaded before import = 0
Number of asset objects unloaded after import = 1
========================================================================
Received Import Request.
  Time since last request: 0.000057 seconds.
  path: Assets/flag/Materials/rope.mat
  artifactKey: Guid(f6980d87de9d1564eb7488c20aee8a2e) Importer(2089858483,0ecaa5967403d082aa24f35e1b516d23)
Start importing Assets/flag/Materials/rope.mat using Guid(f6980d87de9d1564eb7488c20aee8a2e) Importer(2089858483,0ecaa5967403d082aa24f35e1b516d23)  -> (artifact id: '907b7d82688e73617eca4e66b2bd646f') in 0.004365 seconds
Number of updated asset objects reloaded before import = 0
Number of asset objects unloaded after import = 1
========================================================================
Received Import Request.
  Time since last request: 0.012192 seconds.
  path: Assets/Textures/golfgreen2.jpeg
  artifactKey: Guid(08f4ae6406dbf401084191cec3d7fd93) Importer(2089858483,0ecaa5967403d082aa24f35e1b516d23)
Start importing Assets/Textures/golfgreen2.jpeg using Guid(08f4ae6406dbf401084191cec3d7fd93) Importer(2089858483,0ecaa5967403d082aa24f35e1b516d23) WARNING: RGBA Compressed ASTC6X6 sRGB format is not supported, decompressing texture
 -> (artifact id: 'ca81fde2e7b2d7f4d0b50f899431bfcb') in 0.022351 seconds
Number of updated asset objects reloaded before import = 0
Number of asset objects unloaded after import = 1
========================================================================
Received Import Request.
  Time since last request: 0.000092 seconds.
  path: Assets/laxer tree pkg/Mobile/Normal Edited/baum ld1(enhanced).prefab
  artifactKey: Guid(3176aeb440566664ab0bd513a6a46280) Importer(2089858483,0ecaa5967403d082aa24f35e1b516d23)
Start importing Assets/laxer tree pkg/Mobile/Normal Edited/baum ld1(enhanced).prefab using Guid(3176aeb440566664ab0bd513a6a46280) Importer(2089858483,0ecaa5967403d082aa24f35e1b516d23)  -> (artifact id: '86900dfe0e49ab1143ebe449c1991454') in 0.007313 seconds
Number of updated asset objects reloaded before import = 0
Number of asset objects unloaded after import = 7
========================================================================
Received Import Request.
  Time since last request: 0.000076 seconds.
  path: Assets/laxer tree pkg/Models/Materials/ast5.mat
  artifactKey: Guid(f46c6bff831cfd14bb53bc3819f0f0db) Importer(2089858483,0ecaa5967403d082aa24f35e1b516d23)
Start importing Assets/laxer tree pkg/Models/Materials/ast5.mat using Guid(f46c6bff831cfd14bb53bc3819f0f0db) Importer(2089858483,0ecaa5967403d082aa24f35e1b516d23) WARNING: RGBA Compressed ASTC6X6 sRGB format is not supported, decompressing texture
 -> (artifact id: '9004ee25040a992dc8efa3aea5fa2c2e') in 0.009819 seconds
Number of updated asset objects reloaded before import = 0
Number of asset objects unloaded after import = 2
========================================================================
Received Import Request.
  Time since last request: 0.000232 seconds.
  path: Assets/laxer tree pkg/Models/Materials/ast5 lw 1.mat
  artifactKey: Guid(281d9a47040de98429f24c446985694d) Importer(2089858483,0ecaa5967403d082aa24f35e1b516d23)
Start importing Assets/laxer tree pkg/Models/Materials/ast5 lw 1.mat using Guid(281d9a47040de98429f24c446985694d) Importer(2089858483,0ecaa5967403d082aa24f35e1b516d23) WARNING: RGBA Compressed ASTC6X6 sRGB format is not supported, decompressing texture
 -> (artifact id: 'bcea00ce6c4748f0e51e515186c1d52d') in 0.012347 seconds
Number of updated asset objects reloaded before import = 0
Number of asset objects unloaded after import = 2
========================================================================
Received Import Request.
  Time since last request: 0.000080 seconds.
  path: Assets/laxer tree pkg/Models/Materials/ast5 lw.mat
  artifactKey: Guid(3509f5c76776147409e86d25a1d3af9d) Importer(2089858483,0ecaa5967403d082aa24f35e1b516d23)
Start importing Assets/laxer tree pkg/Models/Materials/ast5 lw.mat using Guid(3509f5c76776147409e86d25a1d3af9d) Importer(2089858483,0ecaa5967403d082aa24f35e1b516d23) WARNING: RGBA Compressed ASTC6X6 sRGB format is not supported, decompressing texture
 -> (artifact id: 'e89ca583bf05cb72294dd0d3c880a9e9') in 0.011154 seconds
Number of updated asset objects reloaded before import = 0
Number of asset objects unloaded after import = 2
========================================================================
Received Import Request.
  Time since last request: 0.000117 seconds.
  path: Assets/Textures/roughTexture.terrainlayer
  artifactKey: Guid(937c5dc77d0c24a45801740e41f8c8a2) Importer(2089858483,0ecaa5967403d082aa24f35e1b516d23)
Start importing Assets/Textures/roughTexture.terrainlayer using Guid(937c5dc77d0c24a45801740e41f8c8a2) Importer(2089858483,0ecaa5967403d082aa24f35e1b516d23) WARNING: RGBA Compressed ASTC6X6 sRGB format is not supported, decompressing texture
 -> (artifact id: '1c4167550328957ca21daa59e4f6459e') in 0.014778 seconds
Number of updated asset objects reloaded before import = 0
Number of asset objects unloaded after import = 2
========================================================================
Received Import Request.
  Time since last request: 0.000089 seconds.
  path: Assets/LowlyPoly/Stylized Grass Texture/Textures/Vol_42_1_Roughness.png
  artifactKey: Guid(7c71c756b680c1a47b27345dccbbc51f) Importer(2089858483,0ecaa5967403d082aa24f35e1b516d23)
Start importing Assets/LowlyPoly/Stylized Grass Texture/Textures/Vol_42_1_Roughness.png using Guid(7c71c756b680c1a47b27345dccbbc51f) Importer(2089858483,0ecaa5967403d082aa24f35e1b516d23) WARNING: RGBA Compressed ASTC6X6 sRGB format is not supported, decompressing texture
 -> (artifact id: '6dd1e3a7a5dc24502015bb71ac93b328') in 0.070831 seconds
Number of updated asset objects reloaded before import = 0
Number of asset objects unloaded after import = 1
========================================================================
Received Import Request.
  Time since last request: 0.001371 seconds.
  path: Assets/Textures/red.terrainlayer
  artifactKey: Guid(edc62d8eb3c0240fa9fb5a75635e235f) Importer(2089858483,0ecaa5967403d082aa24f35e1b516d23)
Start importing Assets/Textures/red.terrainlayer using Guid(edc62d8eb3c0240fa9fb5a75635e235f) Importer(2089858483,0ecaa5967403d082aa24f35e1b516d23) WARNING: RGBA Compressed ASTC6X6 sRGB format is not supported, decompressing texture
 -> (artifact id: '8c51807b758c577dd83be7599447ae7c') in 0.007497 seconds
Number of updated asset objects reloaded before import = 0
Number of asset objects unloaded after import = 2
========================================================================
Received Import Request.
  Time since last request: 0.001205 seconds.
  path: Assets/laxer tree pkg/Models/baum hd pine fbx.fbx
  artifactKey: Guid(7163db7426b13a345b09fa28a500a5e6) Importer(2089858483,0ecaa5967403d082aa24f35e1b516d23)
Start importing Assets/laxer tree pkg/Models/baum hd pine fbx.fbx using Guid(7163db7426b13a345b09fa28a500a5e6) Importer(2089858483,0ecaa5967403d082aa24f35e1b516d23)  -> (artifact id: '5850cd53f6374f364fb1e09169e157cc') in 0.051757 seconds
Number of updated asset objects reloaded before import = 0
Number of asset objects unloaded after import = 10
========================================================================
Received Import Request.
  Time since last request: 0.000380 seconds.
  path: Assets/Tree9/Tree9_3.prefab
  artifactKey: Guid(8b2d47fdc2e25ac4f9721480a68bbefa) Importer(2089858483,0ecaa5967403d082aa24f35e1b516d23)
Start importing Assets/Tree9/Tree9_3.prefab using Guid(8b2d47fdc2e25ac4f9721480a68bbefa) Importer(2089858483,0ecaa5967403d082aa24f35e1b516d23) WARNING: RGBA Compressed ASTC6X6 sRGB format is not supported, decompressing texture
WARNING: RGBA Compressed ASTC6X6 UNorm format is not supported, decompressing texture
WARNING: RGBA Compressed ASTC6X6 UNorm format is not supported, decompressing texture
WARNING: RGBA Compressed ASTC6X6 UNorm format is not supported, decompressing texture
 -> (artifact id: 'aa9af99bb7c743d3464dd5974d338c77') in 0.093692 seconds
Number of updated asset objects reloaded before import = 0
Number of asset objects unloaded after import = 23
========================================================================
Received Import Request.
  Time since last request: 0.000076 seconds.
  path: Assets/Tree9/Tree9_5.prefab
  artifactKey: Guid(9b8fc966f95ea9c4194dc091fc40b478) Importer(2089858483,0ecaa5967403d082aa24f35e1b516d23)
Start importing Assets/Tree9/Tree9_5.prefab using Guid(9b8fc966f95ea9c4194dc091fc40b478) Importer(2089858483,0ecaa5967403d082aa24f35e1b516d23) WARNING: RGBA Compressed ASTC6X6 sRGB format is not supported, decompressing texture
WARNING: RGBA Compressed ASTC6X6 UNorm format is not supported, decompressing texture
WARNING: RGBA Compressed ASTC6X6 UNorm format is not supported, decompressing texture
WARNING: RGBA Compressed ASTC6X6 UNorm format is not supported, decompressing texture
 -> (artifact id: '6af5fb025a9d3fd76f59d0f34f0241dc') in 0.071344 seconds
Number of updated asset objects reloaded before import = 0
Number of asset objects unloaded after import = 23
========================================================================
Received Import Request.
  Time since last request: 0.000096 seconds.
  path: Assets/laxer tree pkg/README.txt
  artifactKey: Guid(f4be7ff4c3a4450439a3b5a35d3d1b8d) Importer(2089858483,0ecaa5967403d082aa24f35e1b516d23)
Start importing Assets/laxer tree pkg/README.txt using Guid(f4be7ff4c3a4450439a3b5a35d3d1b8d) Importer(2089858483,0ecaa5967403d082aa24f35e1b516d23)  -> (artifact id: '6e685a0a3317a87c3fce5f9774260733') in 0.005436 seconds
Number of updated asset objects reloaded before import = 0
Number of asset objects unloaded after import = 1
========================================================================
Received Import Request.
  Time since last request: 0.000217 seconds.
  path: Assets/Materials/LineMaterial.mat
  artifactKey: Guid(616f60ddfd40a4639bec0ba60e81dd7d) Importer(2089858483,0ecaa5967403d082aa24f35e1b516d23)
Start importing Assets/Materials/LineMaterial.mat using Guid(616f60ddfd40a4639bec0ba60e81dd7d) Importer(2089858483,0ecaa5967403d082aa24f35e1b516d23)  -> (artifact id: '199b016977f9a275407aaafd39d295fd') in 0.016015 seconds
Number of updated asset objects reloaded before import = 0
Number of asset objects unloaded after import = 1
========================================================================
Received Import Request.
  Time since last request: 0.009847 seconds.
  path: Assets/laxer tree pkg/Models/baum hd fbx.fbx
  artifactKey: Guid(9b27b908e66bddb42940797bc06df908) Importer(2089858483,0ecaa5967403d082aa24f35e1b516d23)
Start importing Assets/laxer tree pkg/Models/baum hd fbx.fbx using Guid(9b27b908e66bddb42940797bc06df908) Importer(2089858483,0ecaa5967403d082aa24f35e1b516d23)  -> (artifact id: 'ff7e793d370ab08b4af665711a650f67') in 0.020623 seconds
Number of updated asset objects reloaded before import = 0
Number of asset objects unloaded after import = 9
========================================================================
Received Import Request.
  Time since last request: 0.000063 seconds.
  path: Assets/laxer tree pkg/Textures/bark pine wh.png
  artifactKey: Guid(a0ee16bfb2caadb49a6c4dd528026e43) Importer(2089858483,0ecaa5967403d082aa24f35e1b516d23)
Start importing Assets/laxer tree pkg/Textures/bark pine wh.png using Guid(a0ee16bfb2caadb49a6c4dd528026e43) Importer(2089858483,0ecaa5967403d082aa24f35e1b516d23) WARNING: RGBA Compressed ASTC6X6 sRGB format is not supported, decompressing texture
 -> (artifact id: '6a8db814bb4a4ed636917b6f5535eb9d') in 0.021716 seconds
Number of updated asset objects reloaded before import = 0
Number of asset objects unloaded after import = 1
========================================================================
Received Import Request.
  Time since last request: 0.000225 seconds.
  path: Assets/Tree9/Materials/leaf.mat
  artifactKey: Guid(3b81562ccc7e92543a108e811251a16f) Importer(2089858483,0ecaa5967403d082aa24f35e1b516d23)
Start importing Assets/Tree9/Materials/leaf.mat using Guid(3b81562ccc7e92543a108e811251a16f) Importer(2089858483,0ecaa5967403d082aa24f35e1b516d23) WARNING: RGBA Compressed ASTC6X6 sRGB format is not supported, decompressing texture
WARNING: RGBA Compressed ASTC6X6 UNorm format is not supported, decompressing texture
 -> (artifact id: '5c55d4e77245d89810dfc2d0b5bd5d76') in 0.026563 seconds
Number of updated asset objects reloaded before import = 0
Number of asset objects unloaded after import = 3
========================================================================
Received Import Request.
  Time since last request: 0.000073 seconds.
  path: Assets/laxer tree pkg/Models/baum hd med fbx.fbx
  artifactKey: Guid(8606c21208a6abf4aa86e39e9938598b) Importer(2089858483,0ecaa5967403d082aa24f35e1b516d23)
Start importing Assets/laxer tree pkg/Models/baum hd med fbx.fbx using Guid(8606c21208a6abf4aa86e39e9938598b) Importer(2089858483,0ecaa5967403d082aa24f35e1b516d23)  -> (artifact id: '42c329af32956791f02e9f7e54288095') in 0.023082 seconds
Number of updated asset objects reloaded before import = 0
Number of asset objects unloaded after import = 10
========================================================================
Received Import Request.
  Time since last request: 0.000065 seconds.
  path: Assets/Used Golf Club/Assets/Textures/Golf Club Diff.png
  artifactKey: Guid(e98e6af403b308043b198ae11084dfda) Importer(2089858483,0ecaa5967403d082aa24f35e1b516d23)
Start importing Assets/Used Golf Club/Assets/Textures/Golf Club Diff.png using Guid(e98e6af403b308043b198ae11084dfda) Importer(2089858483,0ecaa5967403d082aa24f35e1b516d23) WARNING: RGBA Compressed ASTC6X6 sRGB format is not supported, decompressing texture
 -> (artifact id: 'b602d1a19f47db108edf8478cfe9dba7') in 0.054072 seconds
Number of updated asset objects reloaded before import = 0
Number of asset objects unloaded after import = 1
========================================================================
Received Import Request.
  Time since last request: 0.000135 seconds.
  path: Assets/Scripts/PerlinNoiseScript.cs
  artifactKey: Guid(47494007e483d4c9e9e21d557faf4655) Importer(2089858483,0ecaa5967403d082aa24f35e1b516d23)
Start importing Assets/Scripts/PerlinNoiseScript.cs using Guid(47494007e483d4c9e9e21d557faf4655) Importer(2089858483,0ecaa5967403d082aa24f35e1b516d23)  -> (artifact id: '1c070f5d32b60be4132a7d8f78ff8422') in 0.005639 seconds
Number of updated asset objects reloaded before import = 0
Number of asset objects unloaded after import = 1
========================================================================
Received Import Request.
  Time since last request: 0.000077 seconds.
  path: Assets/laxer tree pkg/Models/Materials/ast3 lw 1.mat
  artifactKey: Guid(6ece0bdbdb22d0f4e9c4110d90e77be6) Importer(2089858483,0ecaa5967403d082aa24f35e1b516d23)
Start importing Assets/laxer tree pkg/Models/Materials/ast3 lw 1.mat using Guid(6ece0bdbdb22d0f4e9c4110d90e77be6) Importer(2089858483,0ecaa5967403d082aa24f35e1b516d23) WARNING: RGBA Compressed ASTC6X6 sRGB format is not supported, decompressing texture
 -> (artifact id: 'c3c0311ee5a9d9b0ef4c14146448e834') in 0.007964 seconds
Number of updated asset objects reloaded before import = 0
Number of asset objects unloaded after import = 2
========================================================================
Received Import Request.
  Time since last request: 0.010993 seconds.
  path: Assets/laxer tree pkg/Textures/bark.png
  artifactKey: Guid(8875beb1e4179154eb0ce892639eb118) Importer(2089858483,0ecaa5967403d082aa24f35e1b516d23)
Start importing Assets/laxer tree pkg/Textures/bark.png using Guid(8875beb1e4179154eb0ce892639eb118) Importer(2089858483,0ecaa5967403d082aa24f35e1b516d23) WARNING: RGBA Compressed ASTC6X6 sRGB format is not supported, decompressing texture
 -> (artifact id: '830da492d289989bf51eece6f043bf74') in 0.019643 seconds
Number of updated asset objects reloaded before import = 0
Number of asset objects unloaded after import = 1
========================================================================
Received Import Request.
  Time since last request: 0.000095 seconds.
  path: Assets/Textures/blue_square.png
  artifactKey: Guid(b9f1420bfdda34a3fab960791df9de25) Importer(2089858483,0ecaa5967403d082aa24f35e1b516d23)
Start importing Assets/Textures/blue_square.png using Guid(b9f1420bfdda34a3fab960791df9de25) Importer(2089858483,0ecaa5967403d082aa24f35e1b516d23) WARNING: RGBA Compressed ASTC6X6 sRGB format is not supported, decompressing texture
 -> (artifact id: 'a68c6e1b35e81d1e79b0d6bebc0205af') in 0.014159 seconds
Number of updated asset objects reloaded before import = 0
Number of asset objects unloaded after import = 1
========================================================================
Received Import Request.
  Time since last request: 0.000181 seconds.
  path: Assets/LowlyPoly/Stylized Grass Texture/Textures/Vol_42_1_Base_Color.png
  artifactKey: Guid(b900361e13e6eaa44963cb851faf3ed3) Importer(2089858483,0ecaa5967403d082aa24f35e1b516d23)
Start importing Assets/LowlyPoly/Stylized Grass Texture/Textures/Vol_42_1_Base_Color.png using Guid(b900361e13e6eaa44963cb851faf3ed3) Importer(2089858483,0ecaa5967403d082aa24f35e1b516d23) WARNING: RGBA Compressed ASTC6X6 sRGB format is not supported, decompressing texture
 -> (artifact id: '41df57034a5b4d1027d43500413232d6') in 0.047216 seconds
Number of updated asset objects reloaded before import = 0
Number of asset objects unloaded after import = 1
========================================================================
Received Import Request.
  Time since last request: 0.000071 seconds.
  path: Assets/flag/2000px-Black_Dragon_Flag.svg.png
  artifactKey: Guid(ad53efd1d50b20d4a843200f7c05a9ec) Importer(2089858483,0ecaa5967403d082aa24f35e1b516d23)
Start importing Assets/flag/2000px-Black_Dragon_Flag.svg.png using Guid(ad53efd1d50b20d4a843200f7c05a9ec) Importer(2089858483,0ecaa5967403d082aa24f35e1b516d23) WARNING: RGBA Compressed ASTC6X6 sRGB format is not supported, decompressing texture
 -> (artifact id: '0681d79766d836f58f66591ca620ce66') in 0.029030 seconds
Number of updated asset objects reloaded before import = 0
Number of asset objects unloaded after import = 1
========================================================================
Received Import Request.
  Time since last request: 0.000120 seconds.
  path: Assets/Materials/Unlit.mat
  artifactKey: Guid(3127993bafae141688d8121fc606aec4) Importer(2089858483,0ecaa5967403d082aa24f35e1b516d23)
Start importing Assets/Materials/Unlit.mat using Guid(3127993bafae141688d8121fc606aec4) Importer(2089858483,0ecaa5967403d082aa24f35e1b516d23)  -> (artifact id: '37698cd181cc5702c95765593f2e4a0d') in 0.006324 seconds
Number of updated asset objects reloaded before import = 0
Number of asset objects unloaded after import = 1
========================================================================
Received Import Request.
  Time since last request: 0.000105 seconds.
  path: Assets/Tree9/Tree9_2.prefab
  artifactKey: Guid(be878d9ea17907f4a8068678a5ce7908) Importer(2089858483,0ecaa5967403d082aa24f35e1b516d23)
Start importing Assets/Tree9/Tree9_2.prefab using Guid(be878d9ea17907f4a8068678a5ce7908) Importer(2089858483,0ecaa5967403d082aa24f35e1b516d23) WARNING: RGBA Compressed ASTC6X6 sRGB format is not supported, decompressing texture
WARNING: RGBA Compressed ASTC6X6 UNorm format is not supported, decompressing texture
WARNING: RGBA Compressed ASTC6X6 UNorm format is not supported, decompressing texture
WARNING: RGBA Compressed ASTC6X6 UNorm format is not supported, decompressing texture
 -> (artifact id: '1fccc45b358161f7179671b862423c5f') in 0.055552 seconds
Number of updated asset objects reloaded before import = 0
Number of asset objects unloaded after import = 23
========================================================================
Received Import Request.
  Time since last request: 0.000070 seconds.
  path: Assets/Muirfield.raw
  artifactKey: Guid(55241211a014342d4b19e7cbeb3a1ac9) Importer(2089858483,0ecaa5967403d082aa24f35e1b516d23)
Start importing Assets/Muirfield.raw using Guid(55241211a014342d4b19e7cbeb3a1ac9) Importer(2089858483,0ecaa5967403d082aa24f35e1b516d23)  -> (artifact id: 'e9f1c90845ff1adedc7cc3392986c8aa') in 0.003650 seconds
Number of updated asset objects reloaded before import = 0
Number of asset objects unloaded after import = 1
========================================================================
Received Import Request.
  Time since last request: 0.000064 seconds.
  path: Assets/laxer tree pkg/Models/baum ld2(enhanced).asset
  artifactKey: Guid(bff71d6fe1a3e7044beabfe40f2c32aa) Importer(2089858483,0ecaa5967403d082aa24f35e1b516d23)
Start importing Assets/laxer tree pkg/Models/baum ld2(enhanced).asset using Guid(bff71d6fe1a3e7044beabfe40f2c32aa) Importer(2089858483,0ecaa5967403d082aa24f35e1b516d23)  -> (artifact id: 'f69b957eaa8acab02356841356ef0d25') in 0.004918 seconds
Number of updated asset objects reloaded before import = 0
Number of asset objects unloaded after import = 1
========================================================================
Received Import Request.
  Time since last request: 0.000071 seconds.
  path: Assets/laxer tree pkg/Models/Materials/bark pine wh.mat
  artifactKey: Guid(63489f5a7b5c30d4c990f5949b6fb6f1) Importer(2089858483,0ecaa5967403d082aa24f35e1b516d23)
Start importing Assets/laxer tree pkg/Models/Materials/bark pine wh.mat using Guid(63489f5a7b5c30d4c990f5949b6fb6f1) Importer(2089858483,0ecaa5967403d082aa24f35e1b516d23) WARNING: RGBA Compressed ASTC6X6 sRGB format is not supported, decompressing texture
 -> (artifact id: 'a86baac7835422547681b3bd2a038b18') in 0.008556 seconds
Number of updated asset objects reloaded before import = 0
Number of asset objects unloaded after import = 2
========================================================================
Received Import Request.
  Time since last request: 0.016808 seconds.
  path: Assets/Muirfield.png
  artifactKey: Guid(2a852e7724ab74ee589c223c8284737c) Importer(2089858483,0ecaa5967403d082aa24f35e1b516d23)
Start importing Assets/Muirfield.png using Guid(2a852e7724ab74ee589c223c8284737c) Importer(2089858483,0ecaa5967403d082aa24f35e1b516d23)  -> (artifact id: '8800adace10e170f819788709efb7090') in 0.169417 seconds
Number of updated asset objects reloaded before import = 0
Number of asset objects unloaded after import = 1
========================================================================
Received Import Request.
  Time since last request: 0.000071 seconds.
  path: Assets/Textures/smooth_high_res_golfai_texture.png
  artifactKey: Guid(a1adff03465e6436ab7434de00fb5dbd) Importer(2089858483,0ecaa5967403d082aa24f35e1b516d23)
Start importing Assets/Textures/smooth_high_res_golfai_texture.png using Guid(a1adff03465e6436ab7434de00fb5dbd) Importer(2089858483,0ecaa5967403d082aa24f35e1b516d23) WARNING: RGBA Compressed ASTC6X6 sRGB format is not supported, decompressing texture
 -> (artifact id: '1a13441f0c6f0f93681207d7784ad662') in 0.052717 seconds
Number of updated asset objects reloaded before import = 0
Number of asset objects unloaded after import = 1
========================================================================
Received Import Request.
  Time since last request: 0.012198 seconds.
  path: Assets/Used Golf Club/Assets/Materials/Golf Club MAT.mat
  artifactKey: Guid(66c6c0c103730f94191537714736660e) Importer(2089858483,0ecaa5967403d082aa24f35e1b516d23)
Start importing Assets/Used Golf Club/Assets/Materials/Golf Club MAT.mat using Guid(66c6c0c103730f94191537714736660e) Importer(2089858483,0ecaa5967403d082aa24f35e1b516d23) WARNING: RGBA Compressed ASTC6X6 sRGB format is not supported, decompressing texture
WARNING: RGBA Compressed ASTC6X6 UNorm format is not supported, decompressing texture
WARNING: RGBA Compressed ASTC6X6 sRGB format is not supported, decompressing texture
WARNING: RGBA Compressed ASTC6X6 sRGB format is not supported, decompressing texture
 -> (artifact id: '464e9c252c3ab449859e836aeb7b5ae0') in 0.250895 seconds
Number of updated asset objects reloaded before import = 0
Number of asset objects unloaded after import = 5
========================================================================
Received Import Request.
  Time since last request: 0.000081 seconds.
  path: Assets/Materials/GolfBall.mat
  artifactKey: Guid(793faea69103143b9a7158018edb821f) Importer(2089858483,0ecaa5967403d082aa24f35e1b516d23)
Start importing Assets/Materials/GolfBall.mat using Guid(793faea69103143b9a7158018edb821f) Importer(2089858483,0ecaa5967403d082aa24f35e1b516d23) WARNING: RGBA Compressed ASTC6X6 sRGB format is not supported, decompressing texture
 -> (artifact id: '6f8d6d212a75d66218382aea64efa07a') in 0.011981 seconds
Number of updated asset objects reloaded before import = 0
Number of asset objects unloaded after import = 2
========================================================================
Received Prepare
Begin MonoManager ReloadAssembly
Symbol file LoadedFromMemory is not a mono symbol file
- Loaded All Assemblies, in  0.834 seconds
Refreshing native plugins compatible for Editor in 4.72 ms, found 6 plugins.
Native extension for iOS target not found
Native extension for Android target not found
Native extension for OSXStandalone target not found
Native extension for WebGL target not found
[Package Manager] Server::EnsureServerProcessIsRunning -- launch failed, reason: Unity was launched with the -noUpm command-line argument
[Package Manager] UpmClient::Send -- Unable to send message (not connected to UPM process).
[Package Manager] Cannot connect to Unity Package Manager local server
[Package Manager] Server::EnsureServerProcessIsRunning -- launch failed, reason: Unity was launched with the -noUpm command-line argument
[Package Manager] UpmClient::Send -- Unable to send message (not connected to UPM process).
[Package Manager] Cannot connect to Unity Package Manager local server
[Package Manager] Server::EnsureServerProcessIsRunning -- launch failed, reason: Unity was launched with the -noUpm command-line argument
[Package Manager] UpmClient::Send -- Unable to send message (not connected to UPM process).
[Package Manager] Cannot connect to Unity Package Manager local server
Mono: successfully reloaded assembly
[Package Manager] Server::EnsureServerProcessIsRunning -- launch failed, reason: Unity was launched with the -noUpm command-line argument
[Package Manager] UpmClient::Send -- Unable to send message (not connected to UPM process).
[Package Manager] Cannot connect to Unity Package Manager local server
[Package Manager] Server::EnsureServerProcessIsRunning -- launch failed, reason: Unity was launched with the -noUpm command-line argument
[Package Manager] UpmClient::Send -- Unable to send message (not connected to UPM process).
[Package Manager] Cannot connect to Unity Package Manager local server
- Finished resetting the current domain, in  2.105 seconds
Domain Reload Profiling: 2939ms
	BeginReloadAssembly (211ms)
		ExecutionOrderSort (0ms)
		DisableScriptedObjects (6ms)
		BackupInstance (0ms)
		ReleaseScriptingObjects (0ms)
		CreateAndSetChildDomain (80ms)
	RebuildCommonClasses (49ms)
	RebuildNativeTypeToScriptingClass (16ms)
	initialDomainReloadingComplete (41ms)
	LoadAllAssembliesAndSetupDomain (517ms)
		LoadAssemblies (517ms)
		RebuildTransferFunctionScriptingTraits (0ms)
		AnalyzeDomain (86ms)
			TypeCache.Refresh (45ms)
				TypeCache.ScanAssembly (30ms)
			ScanForSourceGeneratedMonoScriptInfo (18ms)
			ResolveRequiredComponents (20ms)
	FinalizeReload (2106ms)
		ReleaseScriptCaches (0ms)
		RebuildScriptCaches (0ms)
		SetupLoadedEditorAssemblies (921ms)
			LogAssemblyErrors (0ms)
			InitializePlatformSupportModulesInManaged (58ms)
			SetLoadedEditorAssemblies (7ms)
			RefreshPlugins (0ms)
			BeforeProcessingInitializeOnLoad (130ms)
			ProcessInitializeOnLoadAttributes (698ms)
			ProcessInitializeOnLoadMethodAttributes (26ms)
			AfterProcessingInitializeOnLoad (2ms)
			EditorAssembliesLoaded (0ms)
		ExecutionOrderSort2 (0ms)
		AwakeInstancesAfterBackupRestoration (7ms)
Shader 'Oculus/OVRMRCameraFrameLit': fallback shader 'Alpha-Diffuse' not found
Shader 'Meta/MRUK/Scene/HighlightsAndShadows': fallback shader 'Off' not found
Refreshing native plugins compatible for Editor in 5.42 ms, found 6 plugins.
Preloading 1 native plugins for Editor in 0.96 ms.
Unloading 5166 Unused Serialized files (Serialized files now loaded: 0)
Unloading 69 unused Assets / (1.3 MB). Loaded Objects now: 5737.
Memory consumption went from 246.7 MB to 245.3 MB.
Total: 7.014030 ms (FindLiveObjects: 0.623210 ms CreateObjectMapping: 0.561459 ms MarkObjects: 5.256173 ms  DeleteObjects: 0.572055 ms)

Prepare: number of updated asset objects reloaded= 0
AssetImportParameters requested are different than current active one (requested -> active):
  custom:container-demuxer-ogg: 62fdf1f143b41e24485cea50d1cbac27 -> 
  custom:video-decoder-ogg-theora: a1e56fd34408186e4bbccfd4996cb3dc -> 
  custom:CustomObjectIndexerAttribute: 9a22284fe3817be447336de3de66b15e -> 
  custom:container-demuxer-webm: 4f35f7cbe854078d1ac9338744f61a02 -> 
  custom:container-muxer-webm: aa71ff27fc2769a1b78a27578f13a17b -> 
  custom:video-decoder-webm-vp8: 9c59270c3fd7afecdb556c50c9e8de78 -> 
  custom:SearchIndexIgnoredProperties: e643bd26f0fe6173181afceb89e7c659 -> 
  custom:AudioImporter_EditorPlatform: 3918e3fc78b5a79bad01e8451be0beb8 -> 
  custom:framework-osx-AVFoundation: e770b220cccbd017edd2c1fefb359320 -> 
  custom:video-encoder-webm-vp8: eb34c28f22e8b96e1ab97ce403110664 -> 
  custom:audio-decoder-ogg-vorbis: bf7c407c2cedff20999df2af8eb42d56 -> 
  custom:audio-encoder-webm-vorbis: bf7c407c2cedff20999df2af8eb42d56 -> 
========================================================================
Received Prepare
Begin MonoManager ReloadAssembly
Symbol file LoadedFromMemory is not a mono symbol file
- Loaded All Assemblies, in  1.177 seconds
Refreshing native plugins compatible for Editor in 11.85 ms, found 7 plugins.
Native extension for iOS target not found
Native extension for Android target not found
Native extension for OSXStandalone target not found
Native extension for WebGL target not found
[Package Manager] Server::EnsureServerProcessIsRunning -- launch failed, reason: Unity was launched with the -noUpm command-line argument
[Package Manager] UpmClient::Send -- Unable to send message (not connected to UPM process).
[Package Manager] Cannot connect to Unity Package Manager local server
[Package Manager] Server::EnsureServerProcessIsRunning -- launch failed, reason: Unity was launched with the -noUpm command-line argument
[Package Manager] UpmClient::Send -- Unable to send message (not connected to UPM process).
[Package Manager] Cannot connect to Unity Package Manager local server
[Package Manager] Server::EnsureServerProcessIsRunning -- launch failed, reason: Unity was launched with the -noUpm command-line argument
[Package Manager] UpmClient::Send -- Unable to send message (not connected to UPM process).
[Package Manager] Cannot connect to Unity Package Manager local server
Mono: successfully reloaded assembly
[Package Manager] Server::EnsureServerProcessIsRunning -- launch failed, reason: Unity was launched with the -noUpm command-line argument
[Package Manager] UpmClient::Send -- Unable to send message (not connected to UPM process).
[Package Manager] Cannot connect to Unity Package Manager local server
- Finished resetting the current domain, in  2.801 seconds
Domain Reload Profiling: 3994ms
	BeginReloadAssembly (293ms)
		ExecutionOrderSort (0ms)
		DisableScriptedObjects (10ms)
		BackupInstance (0ms)
		ReleaseScriptingObjects (0ms)
		CreateAndSetChildDomain (112ms)
	RebuildCommonClasses (89ms)
	RebuildNativeTypeToScriptingClass (33ms)
	initialDomainReloadingComplete (52ms)
	LoadAllAssembliesAndSetupDomain (725ms)
		LoadAssemblies (686ms)
		RebuildTransferFunctionScriptingTraits (0ms)
		AnalyzeDomain (147ms)
			TypeCache.Refresh (73ms)
				TypeCache.ScanAssembly (52ms)
			ScanForSourceGeneratedMonoScriptInfo (31ms)
			ResolveRequiredComponents (39ms)
	FinalizeReload (2802ms)
		ReleaseScriptCaches (0ms)
		RebuildScriptCaches (0ms)
		SetupLoadedEditorAssemblies (1174ms)
			LogAssemblyErrors (0ms)
			InitializePlatformSupportModulesInManaged (77ms)
			SetLoadedEditorAssemblies (13ms)
			RefreshPlugins (0ms)
			BeforeProcessingInitializeOnLoad (186ms)
			ProcessInitializeOnLoadAttributes (857ms)
			ProcessInitializeOnLoadMethodAttributes (39ms)
			AfterProcessingInitializeOnLoad (2ms)
			EditorAssembliesLoaded (0ms)
		ExecutionOrderSort2 (0ms)
		AwakeInstancesAfterBackupRestoration (8ms)
Shader 'Oculus/OVRMRCameraFrameLit': fallback shader 'Alpha-Diffuse' not found
Shader 'Meta/MRUK/Scene/HighlightsAndShadows': fallback shader 'Off' not found
Refreshing native plugins compatible for Editor in 11.88 ms, found 7 plugins.
Preloading 2 native plugins for Editor in 11285.25 ms.
Unloading 5197 Unused Serialized files (Serialized files now loaded: 0)
Unloading 71 unused Assets / (1.3 MB). Loaded Objects now: 5770.
Memory consumption went from 252.8 MB to 251.4 MB.
Total: 6.269082 ms (FindLiveObjects: 0.486936 ms CreateObjectMapping: 0.550523 ms MarkObjects: 4.791302 ms  DeleteObjects: 0.439381 ms)

Prepare: number of updated asset objects reloaded= 0
AssetImportParameters requested are different than current active one (requested -> active):
  custom:container-demuxer-ogg: 62fdf1f143b41e24485cea50d1cbac27 -> 
  custom:video-decoder-ogg-theora: a1e56fd34408186e4bbccfd4996cb3dc -> 
  custom:CustomObjectIndexerAttribute: 9a22284fe3817be447336de3de66b15e -> 
  custom:container-demuxer-webm: 4f35f7cbe854078d1ac9338744f61a02 -> 
  custom:container-muxer-webm: aa71ff27fc2769a1b78a27578f13a17b -> 
  custom:video-decoder-webm-vp8: 9c59270c3fd7afecdb556c50c9e8de78 -> 
  custom:SearchIndexIgnoredProperties: e643bd26f0fe6173181afceb89e7c659 -> 
  custom:AudioImporter_EditorPlatform: 3918e3fc78b5a79bad01e8451be0beb8 -> 
  custom:framework-osx-AVFoundation: e770b220cccbd017edd2c1fefb359320 -> 
  custom:video-encoder-webm-vp8: eb34c28f22e8b96e1ab97ce403110664 -> 
  custom:audio-decoder-ogg-vorbis: bf7c407c2cedff20999df2af8eb42d56 -> 
  custom:audio-encoder-webm-vorbis: bf7c407c2cedff20999df2af8eb42d56 -> 
Editor requested this worker to shutdown with reason: Scaling down because of idle timeout
TcpMessagingSession - receive error: operation aborted. errorcode: 89, details: Operation aborted.
AssetImportWorker is now disconnected from the server
Process exiting
