Base path: '/Applications/Unity/Hub/Editor/2022.3.23f1/Unity.app/Contents', plugins path '/Applications/Unity/Hub/Editor/2022.3.23f1/PlaybackEngines'
Cmd: initializeCompiler

Cmd: compileSnippet
  insize=2334 file=Assets/DefaultResourcesExtra/Standard pass=FORWARD ppOnly=0 stripLineD=0 buildPlatform=13 rsLen=0 pKW=UNITY_NO_RGBM UNITY_ENABLE_REFLECTION_BUFFERS UNITY_NO_CUBEMAP_ARRAY UNITY_NO_SCREENSPACE_SHADOWS UNITY_PBS_USE_BRDF2 SHADER_API_MOBILE UNITY_HARDWARE_TIER3 UNITY_LIGHTMAP_RGBM_ENCODING UNITY_ASTC_NORMALMAP_ENCODING UNITY_NEEDS_RENDERPASS_FBFETCH_FALLBACK UNITY_PASS_FORWARDBASE uKW=_NORMALMAP DIRECTIONAL LIGHTPROBE_SH SHADOWS_SCREEN dKW=FOG_LINEAR FOG_EXP FOG_EXP2 INSTANCING_ON _ALPHATEST_ON _ALPHABLEND_ON _ALPHAPREMULTIPLY_ON _METALLICGLOSSMAP _PARALLAXMAP SHADOWS_SHADOWMASK DYNAMICLIGHTMAP_ON LIGHTMAP_ON LIGHTMAP_SHADOW_MIXING DIRLIGHTMAP_COMBINED VERTEXLIGHT_ON UNITY_NO_DXT5nm UNITY_FRAMEBUFFER_FETCH_AVAILABLE UNITY_METAL_SHADOWS_USE_POINT_FILTERING UNITY_USE_DITHER_MASK_FOR_ALPHABLENDED_SHADOWS UNITY_PBS_USE_BRDF1 UNITY_PBS_USE_BRDF3 UNITY_NO_FULL_STANDARD_SHADER UNITY_SPECCUBE_BOX_PROJECTION UNITY_SPECCUBE_BLENDING UNITY_ENABLE_DETAIL_NORMALMAP UNITY_HARDWARE_TIER1 UNITY_HARDWARE_TIER2 UNITY_COLORSPACE_GAMMA UNITY_LIGHT_PROBE_PROXY_VOLUME UNITY_HALF_PRECISION_FRAGMENT_SHADER_REGISTERS UNITY_LIGHTMAP_DLDR_ENCODING UNITY_LIGHTMAP_FULL_HDR UNITY_VIRTUAL_TEXTURING UNITY_PRETRANSFORM_TO_DISPLAY_ORIENTATION SHADER_API_GLES30 UNITY_UNIFIED_SHADER_PRECISION_MODEL flags=4563402752 lang=0 type=Vertex platform=metal reqs=227 mask=6 start=68 ok=1 outsize=4989

Cmd: initializeCompiler

Cmd: initializeCompiler

Cmd: compileComputeKernel
  insize=4314 file=Packages/com.unity.terrain-tools/Editor/TerrainTools/Compute/Thermal.compute kernel=ThermalErosion ppOnly=0 stripLineD=0 buildPlatform=13 km=<UNITY_VERSION=202239> pKW=UNITY_NO_RGBM UNITY_ENABLE_REFLECTION_BUFFERS UNITY_NO_CUBEMAP_ARRAY UNITY_NO_SCREENSPACE_SHADOWS UNITY_PBS_USE_BRDF3 UNITY_NO_FULL_STANDARD_SHADER SHADER_API_MOBILE UNITY_LIGHTMAP_RGBM_ENCODING UNITY_PRETRANSFORM_TO_DISPLAY_ORIENTATION UNITY_ASTC_NORMALMAP_ENCODING uKW=SHADER_STAGE_COMPUTE platform=vulkan flags=268439552 reqs=16385 forceDXC=0 forceFXC=0 ok=1 outsize=11214

Cmd: compileComputeKernel
  insize=9966 file=Packages/com.unity.terrain-tools/Editor/TerrainTools/Compute/Hydraulic.compute kernel=HydraulicErosion ppOnly=0 stripLineD=0 buildPlatform=13 km=<UNITY_VERSION=202239> pKW=UNITY_NO_RGBM UNITY_ENABLE_REFLECTION_BUFFERS UNITY_NO_CUBEMAP_ARRAY UNITY_NO_SCREENSPACE_SHADOWS UNITY_PBS_USE_BRDF3 UNITY_NO_FULL_STANDARD_SHADER SHADER_API_MOBILE UNITY_LIGHTMAP_RGBM_ENCODING UNITY_PRETRANSFORM_TO_DISPLAY_ORIENTATION UNITY_ASTC_NORMALMAP_ENCODING uKW=SHADER_STAGE_COMPUTE platform=vulkan flags=268439552 reqs=16385 forceDXC=0 forceFXC=0 ok=1 outsize=14673

Cmd: compileComputeKernel
  insize=9966 file=Packages/com.unity.terrain-tools/Editor/TerrainTools/Compute/Hydraulic.compute kernel=SimulateWaterFlow ppOnly=0 stripLineD=0 buildPlatform=13 km=<UNITY_VERSION=202239> pKW=UNITY_NO_RGBM UNITY_ENABLE_REFLECTION_BUFFERS UNITY_NO_CUBEMAP_ARRAY UNITY_NO_SCREENSPACE_SHADOWS UNITY_PBS_USE_BRDF3 UNITY_NO_FULL_STANDARD_SHADER SHADER_API_MOBILE UNITY_LIGHTMAP_RGBM_ENCODING UNITY_PRETRANSFORM_TO_DISPLAY_ORIENTATION UNITY_ASTC_NORMALMAP_ENCODING uKW=SHADER_STAGE_COMPUTE platform=vulkan flags=268439552 reqs=16385 forceDXC=0 forceFXC=0 ok=1 outsize=13616

Cmd: compileComputeKernel
  insize=4806 file=Packages/com.unity.terrain-tools/Editor/TerrainTools/Compute/Aeolian.compute kernel=ApplyHeightfieldDrag ppOnly=0 stripLineD=0 buildPlatform=13 km=<UNITY_VERSION=202239> pKW=UNITY_NO_RGBM UNITY_ENABLE_REFLECTION_BUFFERS UNITY_NO_CUBEMAP_ARRAY UNITY_NO_SCREENSPACE_SHADOWS UNITY_PBS_USE_BRDF3 UNITY_NO_FULL_STANDARD_SHADER SHADER_API_MOBILE UNITY_LIGHTMAP_RGBM_ENCODING UNITY_PRETRANSFORM_TO_DISPLAY_ORIENTATION UNITY_ASTC_NORMALMAP_ENCODING uKW=SHADER_STAGE_COMPUTE platform=vulkan flags=268439552 reqs=16385 forceDXC=0 forceFXC=0 ok=1 outsize=10000

Cmd: compileComputeKernel
  insize=4806 file=Packages/com.unity.terrain-tools/Editor/TerrainTools/Compute/Aeolian.compute kernel=WindSedimentErode ppOnly=0 stripLineD=0 buildPlatform=13 km=<UNITY_VERSION=202239> pKW=UNITY_NO_RGBM UNITY_ENABLE_REFLECTION_BUFFERS UNITY_NO_CUBEMAP_ARRAY UNITY_NO_SCREENSPACE_SHADOWS UNITY_PBS_USE_BRDF3 UNITY_NO_FULL_STANDARD_SHADER SHADER_API_MOBILE UNITY_LIGHTMAP_RGBM_ENCODING UNITY_PRETRANSFORM_TO_DISPLAY_ORIENTATION UNITY_ASTC_NORMALMAP_ENCODING uKW=SHADER_STAGE_COMPUTE platform=vulkan flags=268439552 reqs=16385 forceDXC=0 forceFXC=0 ok=1 outsize=12146

Cmd: compileComputeKernel
  insize=1497 file=Packages/com.unity.terrain-tools/Editor/TerrainTools/Compute/Diffusion.compute kernel=Diffuse ppOnly=0 stripLineD=0 buildPlatform=13 km=<UNITY_VERSION=202239> pKW=UNITY_NO_RGBM UNITY_ENABLE_REFLECTION_BUFFERS UNITY_NO_CUBEMAP_ARRAY UNITY_NO_SCREENSPACE_SHADOWS UNITY_PBS_USE_BRDF3 UNITY_NO_FULL_STANDARD_SHADER SHADER_API_MOBILE UNITY_LIGHTMAP_RGBM_ENCODING UNITY_PRETRANSFORM_TO_DISPLAY_ORIENTATION UNITY_ASTC_NORMALMAP_ENCODING uKW=SHADER_STAGE_COMPUTE platform=vulkan flags=268439552 reqs=16385 forceDXC=0 forceFXC=0 ok=1 outsize=4581

Cmd: compileComputeKernel
  insize=1821 file=Packages/com.unity.terrain-tools/Editor/TerrainTools/Compute/Slope.compute kernel=GradientMultiply ppOnly=0 stripLineD=0 buildPlatform=13 km=<UNITY_VERSION=202239> pKW=UNITY_NO_RGBM UNITY_ENABLE_REFLECTION_BUFFERS UNITY_NO_CUBEMAP_ARRAY UNITY_NO_SCREENSPACE_SHADOWS UNITY_PBS_USE_BRDF3 UNITY_NO_FULL_STANDARD_SHADER SHADER_API_MOBILE UNITY_LIGHTMAP_RGBM_ENCODING UNITY_PRETRANSFORM_TO_DISPLAY_ORIENTATION UNITY_ASTC_NORMALMAP_ENCODING uKW=SHADER_STAGE_COMPUTE platform=vulkan flags=268439552 reqs=16385 forceDXC=0 forceFXC=0 ok=1 outsize=10847

Cmd: compileComputeKernel
  insize=1279 file=Packages/com.unity.terrain-tools/Editor/TerrainTools/Compute/Projection.compute kernel=GradientSubtract ppOnly=0 stripLineD=0 buildPlatform=13 km=<UNITY_VERSION=202239> pKW=UNITY_NO_RGBM UNITY_ENABLE_REFLECTION_BUFFERS UNITY_NO_CUBEMAP_ARRAY UNITY_NO_SCREENSPACE_SHADOWS UNITY_PBS_USE_BRDF3 UNITY_NO_FULL_STANDARD_SHADER SHADER_API_MOBILE UNITY_LIGHTMAP_RGBM_ENCODING UNITY_PRETRANSFORM_TO_DISPLAY_ORIENTATION UNITY_ASTC_NORMALMAP_ENCODING uKW=SHADER_STAGE_COMPUTE platform=vulkan flags=268439552 reqs=16385 forceDXC=0 forceFXC=0 ok=1 outsize=4299

Cmd: compileComputeKernel
  insize=1279 file=Packages/com.unity.terrain-tools/Editor/TerrainTools/Compute/Projection.compute kernel=Divergence ppOnly=0 stripLineD=0 buildPlatform=13 km=<UNITY_VERSION=202239> pKW=UNITY_NO_RGBM UNITY_ENABLE_REFLECTION_BUFFERS UNITY_NO_CUBEMAP_ARRAY UNITY_NO_SCREENSPACE_SHADOWS UNITY_PBS_USE_BRDF3 UNITY_NO_FULL_STANDARD_SHADER SHADER_API_MOBILE UNITY_LIGHTMAP_RGBM_ENCODING UNITY_PRETRANSFORM_TO_DISPLAY_ORIENTATION UNITY_ASTC_NORMALMAP_ENCODING uKW=SHADER_STAGE_COMPUTE platform=vulkan flags=268439552 reqs=16385 forceDXC=0 forceFXC=0 ok=1 outsize=3687

Cmd: compileComputeKernel
  insize=1394 file=Packages/com.unity.terrain-tools/Editor/TerrainTools/Compute/Aspect.compute kernel=AspectRemap ppOnly=0 stripLineD=0 buildPlatform=13 km=<UNITY_VERSION=202239> pKW=UNITY_NO_RGBM UNITY_ENABLE_REFLECTION_BUFFERS UNITY_NO_CUBEMAP_ARRAY UNITY_NO_SCREENSPACE_SHADOWS UNITY_PBS_USE_BRDF3 UNITY_NO_FULL_STANDARD_SHADER SHADER_API_MOBILE UNITY_LIGHTMAP_RGBM_ENCODING UNITY_PRETRANSFORM_TO_DISPLAY_ORIENTATION UNITY_ASTC_NORMALMAP_ENCODING uKW=SHADER_STAGE_COMPUTE platform=vulkan flags=268439552 reqs=16385 forceDXC=0 forceFXC=0 ok=1 outsize=8128

Cmd: compileComputeKernel
  insize=2474 file=Packages/com.unity.terrain-tools/Editor/TerrainTools/Compute/Concavity.compute kernel=ConcavityMultiply ppOnly=0 stripLineD=0 buildPlatform=13 km=<UNITY_VERSION=202239> pKW=UNITY_NO_RGBM UNITY_ENABLE_REFLECTION_BUFFERS UNITY_NO_CUBEMAP_ARRAY UNITY_NO_SCREENSPACE_SHADOWS UNITY_PBS_USE_BRDF3 UNITY_NO_FULL_STANDARD_SHADER SHADER_API_MOBILE UNITY_LIGHTMAP_RGBM_ENCODING UNITY_PRETRANSFORM_TO_DISPLAY_ORIENTATION UNITY_ASTC_NORMALMAP_ENCODING uKW=SHADER_STAGE_COMPUTE platform=vulkan flags=268439552 reqs=16385 forceDXC=0 forceFXC=0 ok=1 outsize=31255

Cmd: compileComputeKernel
  insize=1214 file=Packages/com.unity.terrain-tools/Editor/TerrainTools/Compute/Advection.compute kernel=Advect ppOnly=0 stripLineD=0 buildPlatform=13 km=<UNITY_VERSION=202239> pKW=UNITY_NO_RGBM UNITY_ENABLE_REFLECTION_BUFFERS UNITY_NO_CUBEMAP_ARRAY UNITY_NO_SCREENSPACE_SHADOWS UNITY_PBS_USE_BRDF3 UNITY_NO_FULL_STANDARD_SHADER SHADER_API_MOBILE UNITY_LIGHTMAP_RGBM_ENCODING UNITY_PRETRANSFORM_TO_DISPLAY_ORIENTATION UNITY_ASTC_NORMALMAP_ENCODING uKW=SHADER_STAGE_COMPUTE platform=vulkan flags=268439552 reqs=16385 forceDXC=0 forceFXC=0 ok=1 outsize=6374

Cmd: compileComputeKernel
  insize=811 file=Packages/com.unity.terrain-tools/Editor/TerrainTools/Compute/ImageUtility.compute kernel=RemapValues ppOnly=0 stripLineD=0 buildPlatform=13 km=<UNITY_VERSION=202239> pKW=UNITY_NO_RGBM UNITY_ENABLE_REFLECTION_BUFFERS UNITY_NO_CUBEMAP_ARRAY UNITY_NO_SCREENSPACE_SHADOWS UNITY_PBS_USE_BRDF3 UNITY_NO_FULL_STANDARD_SHADER SHADER_API_MOBILE UNITY_LIGHTMAP_RGBM_ENCODING UNITY_PRETRANSFORM_TO_DISPLAY_ORIENTATION UNITY_ASTC_NORMALMAP_ENCODING uKW=SHADER_STAGE_COMPUTE platform=vulkan flags=268439552 reqs=16385 forceDXC=0 forceFXC=0 ok=1 outsize=2280

Cmd: compileComputeKernel
  insize=811 file=Packages/com.unity.terrain-tools/Editor/TerrainTools/Compute/ImageUtility.compute kernel=AddConstant ppOnly=0 stripLineD=0 buildPlatform=13 km=<UNITY_VERSION=202239> pKW=UNITY_NO_RGBM UNITY_ENABLE_REFLECTION_BUFFERS UNITY_NO_CUBEMAP_ARRAY UNITY_NO_SCREENSPACE_SHADOWS UNITY_PBS_USE_BRDF3 UNITY_NO_FULL_STANDARD_SHADER SHADER_API_MOBILE UNITY_LIGHTMAP_RGBM_ENCODING UNITY_PRETRANSFORM_TO_DISPLAY_ORIENTATION UNITY_ASTC_NORMALMAP_ENCODING uKW=SHADER_STAGE_COMPUTE platform=vulkan flags=268439552 reqs=16385 forceDXC=0 forceFXC=0 ok=1 outsize=1665

